<?xml version="1.0" encoding="UTF-8"?>
<!-- Generated by org.testng.reporters.JUnitReportReporter -->
<testsuite hostname="DESKTOP-8AF4QM5" failures="0" tests="1" name="com.example.TitleOfYourFeatureTest" time="17.398" errors="0" timestamp="2021-09-22T00:28:16 IST" skipped="0">
  <testcase classname="com.example.TitleOfYourFeatureTest" name="accessoriesPageNavigation" time="17.398"/>
  <system-out/>
</testsuite> <!-- com.example.TitleOfYourFeatureTest -->
